<?xml version="1.0" encoding="UTF-8"?>
<!-- Generated by org.testng.reporters.JUnitXMLReporter -->
<testsuite hostname="DESKTOP-UB10QJF" ignored="0" name="Command line test" tests="2" failures="1" timestamp="09 feb 2019 23:24:59 GMT" time="24.043" errors="0">
  <testcase name="OpenPagina" time="0.149" classname="test.PruebaTest">
    <failure type="java.lang.IllegalStateException" message="The path to the driver executable must be set by the webdriver.gecko.driver system property; for more information, see https://github.com/mozilla/geckodriver. The latest version can be downloaded from https://github.com/mozilla/geckodriver/releases">
      <![CDATA[java.lang.IllegalStateException: The path to the driver executable must be set by the webdriver.gecko.driver system property; for more information, see https://github.com/mozilla/geckodriver. The latest version can be downloaded from https://github.com/mozilla/geckodriver/releases
at com.google.common.base.Preconditions.checkState(Preconditions.java:847)
at org.openqa.selenium.remote.service.DriverService.findExecutable(DriverService.java:124)
at org.openqa.selenium.firefox.GeckoDriverService.access$100(GeckoDriverService.java:42)
at org.openqa.selenium.firefox.GeckoDriverService$Builder.findDefaultExecutable(GeckoDriverService.java:143)
at org.openqa.selenium.remote.service.DriverService$Builder.build(DriverService.java:335)
at org.openqa.selenium.firefox.FirefoxDriver.toExecutor(FirefoxDriver.java:168)
at org.openqa.selenium.firefox.FirefoxDriver.<init>(FirefoxDriver.java:125)
at org.openqa.selenium.firefox.FirefoxDriver.<init>(FirefoxDriver.java:103)
at test.PruebaTest.OpenPagina(PruebaTest.java:11)
... Removed 35 stack frames]]>
    </failure>
  </testcase> <!-- OpenPagina -->
  <testcase name="Login_uno" time="6.956" classname="test.Tests"/>
</testsuite> <!-- Command line test -->
